2020-09-21 13:37:43 Notice: Deprecated (16384): ServerRequest::session() is deprecated. Use getSession() instead. The setter part will be removed. - C:\Program Files\Ampps\www\TP1\src\Controller\AppController.php, line: 44
 You can disable deprecation warnings by setting `Error.errorLevel` to `E_ALL & ~E_USER_DEPRECATED` in your config/app.php. in [C:\Program Files\Ampps\www\TP1\vendor\cakephp\cakephp\src\Core\functions.php, line 311]
Trace:
Cake\Error\BaseErrorHandler::handleError() - CORE\src\Error\BaseErrorHandler.php, line 168
deprecationWarning - CORE\src\Core\functions.php, line 311
Cake\Http\ServerRequest::session() - CORE\src\Http\ServerRequest.php, line 588
App\Controller\AppController::initialize() - APP/Controller\AppController.php, line 44
Cake\Controller\Controller::__construct() - CORE\src\Controller\Controller.php, line 270
Bake\Shell\Task\TestTask::buildTestSubject() - ROOT\vendor\cakephp\bake\src\Shell\Task\TestTask.php, line 330
Bake\Shell\Task\TestTask::bake() - ROOT\vendor\cakephp\bake\src\Shell\Task\TestTask.php, line 237
Bake\Shell\Task\ControllerTask::bakeTest() - ROOT\vendor\cakephp\bake\src\Shell\Task\ControllerTask.php, line 213
Bake\Shell\Task\ControllerTask::bake() - ROOT\vendor\cakephp\bake\src\Shell\Task\ControllerTask.php, line 162
Bake\Shell\Task\ControllerTask::main() - ROOT\vendor\cakephp\bake\src\Shell\Task\ControllerTask.php, line 69
Bake\Shell\BakeShell::Bake\Shell\{closure}() - ROOT\vendor\cakephp\bake\src\Shell\BakeShell.php, line 282
Cake\Collection\Collection::each() - CORE\src\Collection\CollectionTrait.php, line 64
Bake\Shell\BakeShell::all() - ROOT\vendor\cakephp\bake\src\Shell\BakeShell.php, line 283
Cake\Console\Shell::runCommand() - CORE\src\Console\Shell.php, line 517
Cake\Console\CommandRunner::runShell() - CORE\src\Console\CommandRunner.php, line 384
Cake\Console\CommandRunner::run() - CORE\src\Console\CommandRunner.php, line 162
[main] - ROOT\bin\cake.php, line 12



2020-09-21 13:53:47 Notice: Notice (8): Undefined index: Photos in [C:\Program Files\Ampps\www\TP1\vendor\cakephp\bake\src\View\Helper\DocBlockHelper.php, line 252]
Trace:
Cake\Error\BaseErrorHandler::handleError() - CORE\src\Error\BaseErrorHandler.php, line 168
Bake\View\Helper\DocBlockHelper::buildTableAnnotations() - ROOT\vendor\cakephp\bake\src\View\Helper\DocBlockHelper.php, line 252
Twig\Template::getAttribute() - ROOT\vendor\twig\twig\src\Template.php, line 702
__TwigTemplate_b7535bf748ba452b9add5f21b7296e9f40dd85b23210aaf0106e7460652009e1::doDisplay() - ROOT\tmp\cache\twigView\4b\4b36b26dfa4925f75865d03ca3e090f599ccd155ab0c357afdf07e4fea7c1678.php, line 33
Twig\Template::displayWithErrorHandling() - ROOT\vendor\twig\twig\src\Template.php, line 453
Twig\Template::display() - ROOT\vendor\twig\twig\src\Template.php, line 420
Twig\Template::render() - ROOT\vendor\twig\twig\src\Template.php, line 432
WyriHaximus\TwigView\View\TwigView::_render() - ROOT\vendor\wyrihaximus\twig-view\src\View\TwigView.php, line 180
Bake\View\BakeView::render() - ROOT\vendor\cakephp\bake\src\View\BakeView.php, line 146
Bake\Shell\Task\BakeTemplateTask::generate() - ROOT\vendor\cakephp\bake\src\Shell\Task\BakeTemplateTask.php, line 91
Bake\Shell\Task\ModelTask::bakeTable() - ROOT\vendor\cakephp\bake\src\Shell\Task\ModelTask.php, line 1018
Bake\Shell\Task\ModelTask::bake() - ROOT\vendor\cakephp\bake\src\Shell\Task\ModelTask.php, line 115
Bake\Shell\Task\ModelTask::main() - ROOT\vendor\cakephp\bake\src\Shell\Task\ModelTask.php, line 101
Bake\Shell\BakeShell::Bake\Shell\{closure}() - ROOT\vendor\cakephp\bake\src\Shell\BakeShell.php, line 282
Cake\Collection\Collection::each() - CORE\src\Collection\CollectionTrait.php, line 64
Bake\Shell\BakeShell::all() - ROOT\vendor\cakephp\bake\src\Shell\BakeShell.php, line 283
Cake\Console\Shell::runCommand() - CORE\src\Console\Shell.php, line 517
Cake\Console\CommandRunner::runShell() - CORE\src\Console\CommandRunner.php, line 384
Cake\Console\CommandRunner::run() - CORE\src\Console\CommandRunner.php, line 162
[main] - ROOT\bin\cake.php, line 12



2020-09-21 13:54:00 Notice: Deprecated (16384): ServerRequest::session() is deprecated. Use getSession() instead. The setter part will be removed. - C:\Program Files\Ampps\www\TP1\src\Controller\AppController.php, line: 44
 You can disable deprecation warnings by setting `Error.errorLevel` to `E_ALL & ~E_USER_DEPRECATED` in your config/app.php. in [C:\Program Files\Ampps\www\TP1\vendor\cakephp\cakephp\src\Core\functions.php, line 311]
Trace:
Cake\Error\BaseErrorHandler::handleError() - CORE\src\Error\BaseErrorHandler.php, line 168
deprecationWarning - CORE\src\Core\functions.php, line 311
Cake\Http\ServerRequest::session() - CORE\src\Http\ServerRequest.php, line 588
App\Controller\AppController::initialize() - APP/Controller\AppController.php, line 44
Cake\Controller\Controller::__construct() - CORE\src\Controller\Controller.php, line 270
Bake\Shell\Task\TestTask::buildTestSubject() - ROOT\vendor\cakephp\bake\src\Shell\Task\TestTask.php, line 330
Bake\Shell\Task\TestTask::bake() - ROOT\vendor\cakephp\bake\src\Shell\Task\TestTask.php, line 237
Bake\Shell\Task\ControllerTask::bakeTest() - ROOT\vendor\cakephp\bake\src\Shell\Task\ControllerTask.php, line 213
Bake\Shell\Task\ControllerTask::bake() - ROOT\vendor\cakephp\bake\src\Shell\Task\ControllerTask.php, line 162
Bake\Shell\Task\ControllerTask::main() - ROOT\vendor\cakephp\bake\src\Shell\Task\ControllerTask.php, line 69
Bake\Shell\BakeShell::Bake\Shell\{closure}() - ROOT\vendor\cakephp\bake\src\Shell\BakeShell.php, line 282
Cake\Collection\Collection::each() - CORE\src\Collection\CollectionTrait.php, line 64
Bake\Shell\BakeShell::all() - ROOT\vendor\cakephp\bake\src\Shell\BakeShell.php, line 283
Cake\Console\Shell::runCommand() - CORE\src\Console\Shell.php, line 517
Cake\Console\CommandRunner::runShell() - CORE\src\Console\CommandRunner.php, line 384
Cake\Console\CommandRunner::run() - CORE\src\Console\CommandRunner.php, line 162
[main] - ROOT\bin\cake.php, line 12



2020-09-25 17:55:45 Notice: Deprecated (16384): ServerRequest::session() is deprecated. Use getSession() instead. The setter part will be removed. - C:\Program Files\Ampps\www\TP1\src\Controller\AppController.php, line: 44
 You can disable deprecation warnings by setting `Error.errorLevel` to `E_ALL & ~E_USER_DEPRECATED` in your config/app.php. in [C:\Program Files\Ampps\www\TP1\vendor\cakephp\cakephp\src\Core\functions.php, line 311]
Trace:
Cake\Error\BaseErrorHandler::handleError() - CORE\src\Error\BaseErrorHandler.php, line 168
deprecationWarning - CORE\src\Core\functions.php, line 311
Cake\Http\ServerRequest::session() - CORE\src\Http\ServerRequest.php, line 588
App\Controller\AppController::initialize() - APP/Controller\AppController.php, line 44
Cake\Controller\Controller::__construct() - CORE\src\Controller\Controller.php, line 270
Bake\Shell\Task\TestTask::buildTestSubject() - ROOT\vendor\cakephp\bake\src\Shell\Task\TestTask.php, line 330
Bake\Shell\Task\TestTask::bake() - ROOT\vendor\cakephp\bake\src\Shell\Task\TestTask.php, line 237
Bake\Shell\Task\ControllerTask::bakeTest() - ROOT\vendor\cakephp\bake\src\Shell\Task\ControllerTask.php, line 213
Bake\Shell\Task\ControllerTask::bake() - ROOT\vendor\cakephp\bake\src\Shell\Task\ControllerTask.php, line 162
Bake\Shell\Task\ControllerTask::main() - ROOT\vendor\cakephp\bake\src\Shell\Task\ControllerTask.php, line 69
Bake\Shell\BakeShell::Bake\Shell\{closure}() - ROOT\vendor\cakephp\bake\src\Shell\BakeShell.php, line 282
Cake\Collection\Collection::each() - CORE\src\Collection\CollectionTrait.php, line 64
Bake\Shell\BakeShell::all() - ROOT\vendor\cakephp\bake\src\Shell\BakeShell.php, line 283
Cake\Console\Shell::runCommand() - CORE\src\Console\Shell.php, line 517
Cake\Console\CommandRunner::runShell() - CORE\src\Console\CommandRunner.php, line 384
Cake\Console\CommandRunner::run() - CORE\src\Console\CommandRunner.php, line 162
[main] - ROOT\bin\cake.php, line 12



2020-09-25 17:58:31 Notice: Deprecated (16384): ServerRequest::session() is deprecated. Use getSession() instead. The setter part will be removed. - C:\Program Files\Ampps\www\TP1\src\Controller\AppController.php, line: 44
 You can disable deprecation warnings by setting `Error.errorLevel` to `E_ALL & ~E_USER_DEPRECATED` in your config/app.php. in [C:\Program Files\Ampps\www\TP1\vendor\cakephp\cakephp\src\Core\functions.php, line 311]
Trace:
Cake\Error\BaseErrorHandler::handleError() - CORE\src\Error\BaseErrorHandler.php, line 168
deprecationWarning - CORE\src\Core\functions.php, line 311
Cake\Http\ServerRequest::session() - CORE\src\Http\ServerRequest.php, line 588
App\Controller\AppController::initialize() - APP/Controller\AppController.php, line 44
Cake\Controller\Controller::__construct() - CORE\src\Controller\Controller.php, line 270
Bake\Shell\Task\TestTask::buildTestSubject() - ROOT\vendor\cakephp\bake\src\Shell\Task\TestTask.php, line 330
Bake\Shell\Task\TestTask::bake() - ROOT\vendor\cakephp\bake\src\Shell\Task\TestTask.php, line 237
Bake\Shell\Task\ControllerTask::bakeTest() - ROOT\vendor\cakephp\bake\src\Shell\Task\ControllerTask.php, line 213
Bake\Shell\Task\ControllerTask::bake() - ROOT\vendor\cakephp\bake\src\Shell\Task\ControllerTask.php, line 162
Bake\Shell\Task\ControllerTask::main() - ROOT\vendor\cakephp\bake\src\Shell\Task\ControllerTask.php, line 69
Bake\Shell\BakeShell::Bake\Shell\{closure}() - ROOT\vendor\cakephp\bake\src\Shell\BakeShell.php, line 282
Cake\Collection\Collection::each() - CORE\src\Collection\CollectionTrait.php, line 64
Bake\Shell\BakeShell::all() - ROOT\vendor\cakephp\bake\src\Shell\BakeShell.php, line 283
Cake\Console\Shell::runCommand() - CORE\src\Console\Shell.php, line 517
Cake\Console\CommandRunner::runShell() - CORE\src\Console\CommandRunner.php, line 384
Cake\Console\CommandRunner::run() - CORE\src\Console\CommandRunner.php, line 162
[main] - ROOT\bin\cake.php, line 12



2020-09-28 13:14:46 Notice: Deprecated (16384): ServerRequest::session() is deprecated. Use getSession() instead. The setter part will be removed. - C:\Program Files\Ampps\www\TP1\src\Controller\AppController.php, line: 44
 You can disable deprecation warnings by setting `Error.errorLevel` to `E_ALL & ~E_USER_DEPRECATED` in your config/app.php. in [C:\Program Files\Ampps\www\TP1\vendor\cakephp\cakephp\src\Core\functions.php, line 311]
Trace:
Cake\Error\BaseErrorHandler::handleError() - CORE\src\Error\BaseErrorHandler.php, line 168
deprecationWarning - CORE\src\Core\functions.php, line 311
Cake\Http\ServerRequest::session() - CORE\src\Http\ServerRequest.php, line 588
App\Controller\AppController::initialize() - APP/Controller\AppController.php, line 44
Cake\Controller\Controller::__construct() - CORE\src\Controller\Controller.php, line 270
Bake\Shell\Task\TestTask::buildTestSubject() - ROOT\vendor\cakephp\bake\src\Shell\Task\TestTask.php, line 330
Bake\Shell\Task\TestTask::bake() - ROOT\vendor\cakephp\bake\src\Shell\Task\TestTask.php, line 237
Bake\Shell\Task\ControllerTask::bakeTest() - ROOT\vendor\cakephp\bake\src\Shell\Task\ControllerTask.php, line 213
Bake\Shell\Task\ControllerTask::bake() - ROOT\vendor\cakephp\bake\src\Shell\Task\ControllerTask.php, line 162
Bake\Shell\Task\ControllerTask::main() - ROOT\vendor\cakephp\bake\src\Shell\Task\ControllerTask.php, line 69
Bake\Shell\BakeShell::Bake\Shell\{closure}() - ROOT\vendor\cakephp\bake\src\Shell\BakeShell.php, line 282
Cake\Collection\Collection::each() - CORE\src\Collection\CollectionTrait.php, line 64
Bake\Shell\BakeShell::all() - ROOT\vendor\cakephp\bake\src\Shell\BakeShell.php, line 283
Cake\Console\Shell::runCommand() - CORE\src\Console\Shell.php, line 517
Cake\Console\CommandRunner::runShell() - CORE\src\Console\CommandRunner.php, line 384
Cake\Console\CommandRunner::run() - CORE\src\Console\CommandRunner.php, line 162
[main] - ROOT\bin\cake.php, line 12



2020-09-28 17:06:14 Notice: Deprecated (16384): ServerRequest::session() is deprecated. Use getSession() instead. The setter part will be removed. - C:\Program Files\Ampps\www\TP1\src\Controller\AppController.php, line: 44
 You can disable deprecation warnings by setting `Error.errorLevel` to `E_ALL & ~E_USER_DEPRECATED` in your config/app.php. in [C:\Program Files\Ampps\www\TP1\vendor\cakephp\cakephp\src\Core\functions.php, line 311]
Trace:
Cake\Error\BaseErrorHandler::handleError() - CORE\src\Error\BaseErrorHandler.php, line 168
deprecationWarning - CORE\src\Core\functions.php, line 311
Cake\Http\ServerRequest::session() - CORE\src\Http\ServerRequest.php, line 588
App\Controller\AppController::initialize() - APP/Controller\AppController.php, line 44
Cake\Controller\Controller::__construct() - CORE\src\Controller\Controller.php, line 270
Bake\Shell\Task\TestTask::buildTestSubject() - ROOT\vendor\cakephp\bake\src\Shell\Task\TestTask.php, line 330
Bake\Shell\Task\TestTask::bake() - ROOT\vendor\cakephp\bake\src\Shell\Task\TestTask.php, line 237
Bake\Shell\Task\ControllerTask::bakeTest() - ROOT\vendor\cakephp\bake\src\Shell\Task\ControllerTask.php, line 213
Bake\Shell\Task\ControllerTask::bake() - ROOT\vendor\cakephp\bake\src\Shell\Task\ControllerTask.php, line 162
Bake\Shell\Task\ControllerTask::main() - ROOT\vendor\cakephp\bake\src\Shell\Task\ControllerTask.php, line 69
Bake\Shell\BakeShell::Bake\Shell\{closure}() - ROOT\vendor\cakephp\bake\src\Shell\BakeShell.php, line 282
Cake\Collection\Collection::each() - CORE\src\Collection\CollectionTrait.php, line 64
Bake\Shell\BakeShell::all() - ROOT\vendor\cakephp\bake\src\Shell\BakeShell.php, line 283
Cake\Console\Shell::runCommand() - CORE\src\Console\Shell.php, line 517
Cake\Console\CommandRunner::runShell() - CORE\src\Console\CommandRunner.php, line 384
Cake\Console\CommandRunner::run() - CORE\src\Console\CommandRunner.php, line 162
[main] - ROOT\bin\cake.php, line 12



2020-10-02 18:16:01 Notice: Deprecated (16384): ServerRequest::session() is deprecated. Use getSession() instead. The setter part will be removed. - C:\Program Files\Ampps\www\TP1\src\Controller\AppController.php, line: 44
 You can disable deprecation warnings by setting `Error.errorLevel` to `E_ALL & ~E_USER_DEPRECATED` in your config/app.php. in [C:\Program Files\Ampps\www\TP1\vendor\cakephp\cakephp\src\Core\functions.php, line 311]
Trace:
Cake\Error\BaseErrorHandler::handleError() - CORE\src\Error\BaseErrorHandler.php, line 168
deprecationWarning - CORE\src\Core\functions.php, line 311
Cake\Http\ServerRequest::session() - CORE\src\Http\ServerRequest.php, line 588
App\Controller\AppController::initialize() - APP/Controller\AppController.php, line 44
Cake\Controller\Controller::__construct() - CORE\src\Controller\Controller.php, line 270
Bake\Shell\Task\TestTask::buildTestSubject() - ROOT\vendor\cakephp\bake\src\Shell\Task\TestTask.php, line 330
Bake\Shell\Task\TestTask::bake() - ROOT\vendor\cakephp\bake\src\Shell\Task\TestTask.php, line 237
Bake\Shell\Task\ControllerTask::bakeTest() - ROOT\vendor\cakephp\bake\src\Shell\Task\ControllerTask.php, line 213
Bake\Shell\Task\ControllerTask::bake() - ROOT\vendor\cakephp\bake\src\Shell\Task\ControllerTask.php, line 162
Bake\Shell\Task\ControllerTask::main() - ROOT\vendor\cakephp\bake\src\Shell\Task\ControllerTask.php, line 69
Bake\Shell\BakeShell::Bake\Shell\{closure}() - ROOT\vendor\cakephp\bake\src\Shell\BakeShell.php, line 282
Cake\Collection\Collection::each() - CORE\src\Collection\CollectionTrait.php, line 64
Bake\Shell\BakeShell::all() - ROOT\vendor\cakephp\bake\src\Shell\BakeShell.php, line 283
Cake\Console\Shell::runCommand() - CORE\src\Console\Shell.php, line 517
Cake\Console\CommandRunner::runShell() - CORE\src\Console\CommandRunner.php, line 384
Cake\Console\CommandRunner::run() - CORE\src\Console\CommandRunner.php, line 162
[main] - ROOT\bin\cake.php, line 12



2020-10-03 14:25:30 Notice: Deprecated (16384): ServerRequest::session() is deprecated. Use getSession() instead. The setter part will be removed. - C:\Program Files\Ampps\www\TP1\src\Controller\AppController.php, line: 44
 You can disable deprecation warnings by setting `Error.errorLevel` to `E_ALL & ~E_USER_DEPRECATED` in your config/app.php. in [C:\Program Files\Ampps\www\TP1\vendor\cakephp\cakephp\src\Core\functions.php, line 311]
Trace:
Cake\Error\BaseErrorHandler::handleError() - CORE\src\Error\BaseErrorHandler.php, line 168
deprecationWarning - CORE\src\Core\functions.php, line 311
Cake\Http\ServerRequest::session() - CORE\src\Http\ServerRequest.php, line 588
App\Controller\AppController::initialize() - APP/Controller\AppController.php, line 44
Cake\Controller\Controller::__construct() - CORE\src\Controller\Controller.php, line 270
Bake\Shell\Task\TestTask::buildTestSubject() - ROOT\vendor\cakephp\bake\src\Shell\Task\TestTask.php, line 330
Bake\Shell\Task\TestTask::bake() - ROOT\vendor\cakephp\bake\src\Shell\Task\TestTask.php, line 237
Bake\Shell\Task\ControllerTask::bakeTest() - ROOT\vendor\cakephp\bake\src\Shell\Task\ControllerTask.php, line 213
Bake\Shell\Task\ControllerTask::bake() - ROOT\vendor\cakephp\bake\src\Shell\Task\ControllerTask.php, line 162
Bake\Shell\Task\ControllerTask::main() - ROOT\vendor\cakephp\bake\src\Shell\Task\ControllerTask.php, line 69
Bake\Shell\BakeShell::Bake\Shell\{closure}() - ROOT\vendor\cakephp\bake\src\Shell\BakeShell.php, line 282
Cake\Collection\Collection::each() - CORE\src\Collection\CollectionTrait.php, line 64
Bake\Shell\BakeShell::all() - ROOT\vendor\cakephp\bake\src\Shell\BakeShell.php, line 283
Cake\Console\Shell::runCommand() - CORE\src\Console\Shell.php, line 517
Cake\Console\CommandRunner::runShell() - CORE\src\Console\CommandRunner.php, line 384
Cake\Console\CommandRunner::run() - CORE\src\Console\CommandRunner.php, line 162
[main] - ROOT\bin\cake.php, line 12



2020-10-03 14:25:43 Notice: Deprecated (16384): ServerRequest::session() is deprecated. Use getSession() instead. The setter part will be removed. - C:\Program Files\Ampps\www\TP1\src\Controller\AppController.php, line: 44
 You can disable deprecation warnings by setting `Error.errorLevel` to `E_ALL & ~E_USER_DEPRECATED` in your config/app.php. in [C:\Program Files\Ampps\www\TP1\vendor\cakephp\cakephp\src\Core\functions.php, line 311]
Trace:
Cake\Error\BaseErrorHandler::handleError() - CORE\src\Error\BaseErrorHandler.php, line 168
deprecationWarning - CORE\src\Core\functions.php, line 311
Cake\Http\ServerRequest::session() - CORE\src\Http\ServerRequest.php, line 588
App\Controller\AppController::initialize() - APP/Controller\AppController.php, line 44
Cake\Controller\Controller::__construct() - CORE\src\Controller\Controller.php, line 270
Bake\Shell\Task\TestTask::buildTestSubject() - ROOT\vendor\cakephp\bake\src\Shell\Task\TestTask.php, line 330
Bake\Shell\Task\TestTask::bake() - ROOT\vendor\cakephp\bake\src\Shell\Task\TestTask.php, line 237
Bake\Shell\Task\ControllerTask::bakeTest() - ROOT\vendor\cakephp\bake\src\Shell\Task\ControllerTask.php, line 213
Bake\Shell\Task\ControllerTask::bake() - ROOT\vendor\cakephp\bake\src\Shell\Task\ControllerTask.php, line 162
Bake\Shell\Task\ControllerTask::main() - ROOT\vendor\cakephp\bake\src\Shell\Task\ControllerTask.php, line 69
Bake\Shell\BakeShell::Bake\Shell\{closure}() - ROOT\vendor\cakephp\bake\src\Shell\BakeShell.php, line 282
Cake\Collection\Collection::each() - CORE\src\Collection\CollectionTrait.php, line 64
Bake\Shell\BakeShell::all() - ROOT\vendor\cakephp\bake\src\Shell\BakeShell.php, line 283
Cake\Console\Shell::runCommand() - CORE\src\Console\Shell.php, line 517
Cake\Console\CommandRunner::runShell() - CORE\src\Console\CommandRunner.php, line 384
Cake\Console\CommandRunner::run() - CORE\src\Console\CommandRunner.php, line 162
[main] - ROOT\bin\cake.php, line 12



2020-10-03 15:24:25 Notice: Deprecated (16384): ServerRequest::session() is deprecated. Use getSession() instead. The setter part will be removed. - C:\Program Files\Ampps\www\TP1\src\Controller\AppController.php, line: 44
 You can disable deprecation warnings by setting `Error.errorLevel` to `E_ALL & ~E_USER_DEPRECATED` in your config/app.php. in [C:\Program Files\Ampps\www\TP1\vendor\cakephp\cakephp\src\Core\functions.php, line 311]
Trace:
Cake\Error\BaseErrorHandler::handleError() - CORE\src\Error\BaseErrorHandler.php, line 168
deprecationWarning - CORE\src\Core\functions.php, line 311
Cake\Http\ServerRequest::session() - CORE\src\Http\ServerRequest.php, line 588
App\Controller\AppController::initialize() - APP/Controller\AppController.php, line 44
App\Controller\UsersController::initialize() - APP/Controller\UsersController.php, line 51
Cake\Controller\Controller::__construct() - CORE\src\Controller\Controller.php, line 270
Bake\Shell\Task\TestTask::buildTestSubject() - ROOT\vendor\cakephp\bake\src\Shell\Task\TestTask.php, line 330
Bake\Shell\Task\TestTask::bake() - ROOT\vendor\cakephp\bake\src\Shell\Task\TestTask.php, line 237
Bake\Shell\Task\ControllerTask::bakeTest() - ROOT\vendor\cakephp\bake\src\Shell\Task\ControllerTask.php, line 213
Bake\Shell\Task\ControllerTask::bake() - ROOT\vendor\cakephp\bake\src\Shell\Task\ControllerTask.php, line 162
Bake\Shell\Task\ControllerTask::main() - ROOT\vendor\cakephp\bake\src\Shell\Task\ControllerTask.php, line 69
Bake\Shell\BakeShell::Bake\Shell\{closure}() - ROOT\vendor\cakephp\bake\src\Shell\BakeShell.php, line 282
Cake\Collection\Collection::each() - CORE\src\Collection\CollectionTrait.php, line 64
Bake\Shell\BakeShell::all() - ROOT\vendor\cakephp\bake\src\Shell\BakeShell.php, line 283
Cake\Console\Shell::runCommand() - CORE\src\Console\Shell.php, line 517
Cake\Console\CommandRunner::runShell() - CORE\src\Console\CommandRunner.php, line 384
Cake\Console\CommandRunner::run() - CORE\src\Console\CommandRunner.php, line 162
[main] - ROOT\bin\cake.php, line 12



2020-10-16 14:15:21 Notice: Deprecated (16384): ServerRequest::session() is deprecated. Use getSession() instead. The setter part will be removed. - C:\Program Files\Ampps\www\application_internet\src\Controller\AppController.php, line: 44
 You can disable deprecation warnings by setting `Error.errorLevel` to `E_ALL & ~E_USER_DEPRECATED` in your config/app.php. in [C:\Program Files\Ampps\www\application_internet\vendor\cakephp\cakephp\src\Core\functions.php, line 311]
Trace:
Cake\Error\BaseErrorHandler::handleError() - CORE\src\Error\BaseErrorHandler.php, line 168
deprecationWarning - CORE\src\Core\functions.php, line 311
Cake\Http\ServerRequest::session() - CORE\src\Http\ServerRequest.php, line 588
App\Controller\AppController::initialize() - APP/Controller\AppController.php, line 44
Cake\Controller\Controller::__construct() - CORE\src\Controller\Controller.php, line 270
Bake\Shell\Task\TestTask::buildTestSubject() - ROOT\vendor\cakephp\bake\src\Shell\Task\TestTask.php, line 330
Bake\Shell\Task\TestTask::bake() - ROOT\vendor\cakephp\bake\src\Shell\Task\TestTask.php, line 237
Bake\Shell\Task\ControllerTask::bakeTest() - ROOT\vendor\cakephp\bake\src\Shell\Task\ControllerTask.php, line 213
Bake\Shell\Task\ControllerTask::bake() - ROOT\vendor\cakephp\bake\src\Shell\Task\ControllerTask.php, line 162
Bake\Shell\Task\ControllerTask::main() - ROOT\vendor\cakephp\bake\src\Shell\Task\ControllerTask.php, line 69
Bake\Shell\BakeShell::Bake\Shell\{closure}() - ROOT\vendor\cakephp\bake\src\Shell\BakeShell.php, line 282
Cake\Collection\Collection::each() - CORE\src\Collection\CollectionTrait.php, line 64
Bake\Shell\BakeShell::all() - ROOT\vendor\cakephp\bake\src\Shell\BakeShell.php, line 283
Cake\Console\Shell::runCommand() - CORE\src\Console\Shell.php, line 517
Cake\Console\CommandRunner::runShell() - CORE\src\Console\CommandRunner.php, line 384
Cake\Console\CommandRunner::run() - CORE\src\Console\CommandRunner.php, line 162
[main] - ROOT\bin\cake.php, line 12



2020-11-02 14:25:44 Notice: Notice (8): Undefined index: Subcategories in [C:\Program Files\Ampps\www\application_internet\vendor\cakephp\bake\src\View\Helper\DocBlockHelper.php, line 252]
Trace:
Cake\Error\BaseErrorHandler::handleError() - CORE\src\Error\BaseErrorHandler.php, line 168
Bake\View\Helper\DocBlockHelper::buildTableAnnotations() - ROOT\vendor\cakephp\bake\src\View\Helper\DocBlockHelper.php, line 252
Twig\Template::getAttribute() - ROOT\vendor\twig\twig\src\Template.php, line 702
__TwigTemplate_b34448e7fbd8f4b4b7d02340a38527863898b644d58f123081aa0d910fa42e2a::doDisplay() - ROOT\tmp\cache\twigView\b2\b2069402e19387df41411c8a199ecd7f7ef3c00d8d21e8fc072e71333349b87f.php, line 33
Twig\Template::displayWithErrorHandling() - ROOT\vendor\twig\twig\src\Template.php, line 453
Twig\Template::display() - ROOT\vendor\twig\twig\src\Template.php, line 420
Twig\Template::render() - ROOT\vendor\twig\twig\src\Template.php, line 432
WyriHaximus\TwigView\View\TwigView::_render() - ROOT\vendor\wyrihaximus\twig-view\src\View\TwigView.php, line 180
Bake\View\BakeView::render() - ROOT\vendor\cakephp\bake\src\View\BakeView.php, line 146
Bake\Shell\Task\BakeTemplateTask::generate() - ROOT\vendor\cakephp\bake\src\Shell\Task\BakeTemplateTask.php, line 91
Bake\Shell\Task\ModelTask::bakeTable() - ROOT\vendor\cakephp\bake\src\Shell\Task\ModelTask.php, line 1018
Bake\Shell\Task\ModelTask::bake() - ROOT\vendor\cakephp\bake\src\Shell\Task\ModelTask.php, line 115
Bake\Shell\Task\ModelTask::main() - ROOT\vendor\cakephp\bake\src\Shell\Task\ModelTask.php, line 101
Bake\Shell\BakeShell::Bake\Shell\{closure}() - ROOT\vendor\cakephp\bake\src\Shell\BakeShell.php, line 282
Cake\Collection\Collection::each() - CORE\src\Collection\CollectionTrait.php, line 64
Bake\Shell\BakeShell::all() - ROOT\vendor\cakephp\bake\src\Shell\BakeShell.php, line 283
Cake\Console\Shell::runCommand() - CORE\src\Console\Shell.php, line 517
Cake\Console\CommandRunner::runShell() - CORE\src\Console\CommandRunner.php, line 384
Cake\Console\CommandRunner::run() - CORE\src\Console\CommandRunner.php, line 162
[main] - ROOT\bin\cake.php, line 12



2020-11-02 14:25:51 Notice: Deprecated (16384): ServerRequest::session() is deprecated. Use getSession() instead. The setter part will be removed. - C:\Program Files\Ampps\www\application_internet\src\Controller\AppController.php, line: 44
 You can disable deprecation warnings by setting `Error.errorLevel` to `E_ALL & ~E_USER_DEPRECATED` in your config/app.php. in [C:\Program Files\Ampps\www\application_internet\vendor\cakephp\cakephp\src\Core\functions.php, line 311]
Trace:
Cake\Error\BaseErrorHandler::handleError() - CORE\src\Error\BaseErrorHandler.php, line 168
deprecationWarning - CORE\src\Core\functions.php, line 311
Cake\Http\ServerRequest::session() - CORE\src\Http\ServerRequest.php, line 588
App\Controller\AppController::initialize() - APP/Controller\AppController.php, line 44
Cake\Controller\Controller::__construct() - CORE\src\Controller\Controller.php, line 270
Bake\Shell\Task\TestTask::buildTestSubject() - ROOT\vendor\cakephp\bake\src\Shell\Task\TestTask.php, line 330
Bake\Shell\Task\TestTask::bake() - ROOT\vendor\cakephp\bake\src\Shell\Task\TestTask.php, line 237
Bake\Shell\Task\ControllerTask::bakeTest() - ROOT\vendor\cakephp\bake\src\Shell\Task\ControllerTask.php, line 213
Bake\Shell\Task\ControllerTask::bake() - ROOT\vendor\cakephp\bake\src\Shell\Task\ControllerTask.php, line 162
Bake\Shell\Task\ControllerTask::main() - ROOT\vendor\cakephp\bake\src\Shell\Task\ControllerTask.php, line 69
Bake\Shell\BakeShell::Bake\Shell\{closure}() - ROOT\vendor\cakephp\bake\src\Shell\BakeShell.php, line 282
Cake\Collection\Collection::each() - CORE\src\Collection\CollectionTrait.php, line 64
Bake\Shell\BakeShell::all() - ROOT\vendor\cakephp\bake\src\Shell\BakeShell.php, line 283
Cake\Console\Shell::runCommand() - CORE\src\Console\Shell.php, line 517
Cake\Console\CommandRunner::runShell() - CORE\src\Console\CommandRunner.php, line 384
Cake\Console\CommandRunner::run() - CORE\src\Console\CommandRunner.php, line 162
[main] - ROOT\bin\cake.php, line 12



2020-11-02 16:05:54 Notice: Deprecated (16384): ServerRequest::session() is deprecated. Use getSession() instead. The setter part will be removed. - C:\Program Files\Ampps\www\application_internet\src\Controller\AppController.php, line: 44
 You can disable deprecation warnings by setting `Error.errorLevel` to `E_ALL & ~E_USER_DEPRECATED` in your config/app.php. in [C:\Program Files\Ampps\www\application_internet\vendor\cakephp\cakephp\src\Core\functions.php, line 311]
Trace:
Cake\Error\BaseErrorHandler::handleError() - CORE\src\Error\BaseErrorHandler.php, line 168
deprecationWarning - CORE\src\Core\functions.php, line 311
Cake\Http\ServerRequest::session() - CORE\src\Http\ServerRequest.php, line 588
App\Controller\AppController::initialize() - APP/Controller\AppController.php, line 44
Cake\Controller\Controller::__construct() - CORE\src\Controller\Controller.php, line 270
Bake\Shell\Task\TestTask::buildTestSubject() - ROOT\vendor\cakephp\bake\src\Shell\Task\TestTask.php, line 330
Bake\Shell\Task\TestTask::bake() - ROOT\vendor\cakephp\bake\src\Shell\Task\TestTask.php, line 237
Bake\Shell\Task\ControllerTask::bakeTest() - ROOT\vendor\cakephp\bake\src\Shell\Task\ControllerTask.php, line 213
Bake\Shell\Task\ControllerTask::bake() - ROOT\vendor\cakephp\bake\src\Shell\Task\ControllerTask.php, line 162
Bake\Shell\Task\ControllerTask::main() - ROOT\vendor\cakephp\bake\src\Shell\Task\ControllerTask.php, line 69
Bake\Shell\BakeShell::Bake\Shell\{closure}() - ROOT\vendor\cakephp\bake\src\Shell\BakeShell.php, line 282
Cake\Collection\Collection::each() - CORE\src\Collection\CollectionTrait.php, line 64
Bake\Shell\BakeShell::all() - ROOT\vendor\cakephp\bake\src\Shell\BakeShell.php, line 283
Cake\Console\Shell::runCommand() - CORE\src\Console\Shell.php, line 517
Cake\Console\CommandRunner::runShell() - CORE\src\Console\CommandRunner.php, line 384
Cake\Console\CommandRunner::run() - CORE\src\Console\CommandRunner.php, line 162
[main] - ROOT\bin\cake.php, line 12



2020-11-02 16:06:01 Notice: Deprecated (16384): ServerRequest::session() is deprecated. Use getSession() instead. The setter part will be removed. - C:\Program Files\Ampps\www\application_internet\src\Controller\AppController.php, line: 44
 You can disable deprecation warnings by setting `Error.errorLevel` to `E_ALL & ~E_USER_DEPRECATED` in your config/app.php. in [C:\Program Files\Ampps\www\application_internet\vendor\cakephp\cakephp\src\Core\functions.php, line 311]
Trace:
Cake\Error\BaseErrorHandler::handleError() - CORE\src\Error\BaseErrorHandler.php, line 168
deprecationWarning - CORE\src\Core\functions.php, line 311
Cake\Http\ServerRequest::session() - CORE\src\Http\ServerRequest.php, line 588
App\Controller\AppController::initialize() - APP/Controller\AppController.php, line 44
Cake\Controller\Controller::__construct() - CORE\src\Controller\Controller.php, line 270
Bake\Shell\Task\TestTask::buildTestSubject() - ROOT\vendor\cakephp\bake\src\Shell\Task\TestTask.php, line 330
Bake\Shell\Task\TestTask::bake() - ROOT\vendor\cakephp\bake\src\Shell\Task\TestTask.php, line 237
Bake\Shell\Task\ControllerTask::bakeTest() - ROOT\vendor\cakephp\bake\src\Shell\Task\ControllerTask.php, line 213
Bake\Shell\Task\ControllerTask::bake() - ROOT\vendor\cakephp\bake\src\Shell\Task\ControllerTask.php, line 162
Bake\Shell\Task\ControllerTask::main() - ROOT\vendor\cakephp\bake\src\Shell\Task\ControllerTask.php, line 69
Bake\Shell\BakeShell::Bake\Shell\{closure}() - ROOT\vendor\cakephp\bake\src\Shell\BakeShell.php, line 282
Cake\Collection\Collection::each() - CORE\src\Collection\CollectionTrait.php, line 64
Bake\Shell\BakeShell::all() - ROOT\vendor\cakephp\bake\src\Shell\BakeShell.php, line 283
Cake\Console\Shell::runCommand() - CORE\src\Console\Shell.php, line 517
Cake\Console\CommandRunner::runShell() - CORE\src\Console\CommandRunner.php, line 384
Cake\Console\CommandRunner::run() - CORE\src\Console\CommandRunner.php, line 162
[main] - ROOT\bin\cake.php, line 12



2020-11-02 18:52:07 Notice: Notice (8): Undefined index: Countries in [C:\Program Files\Ampps\www\application_internet\vendor\cakephp\bake\src\View\Helper\DocBlockHelper.php, line 252]
Trace:
Cake\Error\BaseErrorHandler::handleError() - CORE\src\Error\BaseErrorHandler.php, line 168
Bake\View\Helper\DocBlockHelper::buildTableAnnotations() - ROOT\vendor\cakephp\bake\src\View\Helper\DocBlockHelper.php, line 252
Twig\Template::getAttribute() - ROOT\vendor\twig\twig\src\Template.php, line 702
__TwigTemplate_b34448e7fbd8f4b4b7d02340a38527863898b644d58f123081aa0d910fa42e2a::doDisplay() - ROOT\tmp\cache\twigView\b2\b2069402e19387df41411c8a199ecd7f7ef3c00d8d21e8fc072e71333349b87f.php, line 33
Twig\Template::displayWithErrorHandling() - ROOT\vendor\twig\twig\src\Template.php, line 453
Twig\Template::display() - ROOT\vendor\twig\twig\src\Template.php, line 420
Twig\Template::render() - ROOT\vendor\twig\twig\src\Template.php, line 432
WyriHaximus\TwigView\View\TwigView::_render() - ROOT\vendor\wyrihaximus\twig-view\src\View\TwigView.php, line 180
Bake\View\BakeView::render() - ROOT\vendor\cakephp\bake\src\View\BakeView.php, line 146
Bake\Shell\Task\BakeTemplateTask::generate() - ROOT\vendor\cakephp\bake\src\Shell\Task\BakeTemplateTask.php, line 91
Bake\Shell\Task\ModelTask::bakeTable() - ROOT\vendor\cakephp\bake\src\Shell\Task\ModelTask.php, line 1018
Bake\Shell\Task\ModelTask::bake() - ROOT\vendor\cakephp\bake\src\Shell\Task\ModelTask.php, line 115
Bake\Shell\Task\ModelTask::main() - ROOT\vendor\cakephp\bake\src\Shell\Task\ModelTask.php, line 101
Bake\Shell\BakeShell::Bake\Shell\{closure}() - ROOT\vendor\cakephp\bake\src\Shell\BakeShell.php, line 282
Cake\Collection\Collection::each() - CORE\src\Collection\CollectionTrait.php, line 64
Bake\Shell\BakeShell::all() - ROOT\vendor\cakephp\bake\src\Shell\BakeShell.php, line 283
Cake\Console\Shell::runCommand() - CORE\src\Console\Shell.php, line 517
Cake\Console\CommandRunner::runShell() - CORE\src\Console\CommandRunner.php, line 384
Cake\Console\CommandRunner::run() - CORE\src\Console\CommandRunner.php, line 162
[main] - ROOT\bin\cake.php, line 12



2020-11-02 18:52:26 Notice: Deprecated (16384): ServerRequest::session() is deprecated. Use getSession() instead. The setter part will be removed. - C:\Program Files\Ampps\www\application_internet\src\Controller\AppController.php, line: 44
 You can disable deprecation warnings by setting `Error.errorLevel` to `E_ALL & ~E_USER_DEPRECATED` in your config/app.php. in [C:\Program Files\Ampps\www\application_internet\vendor\cakephp\cakephp\src\Core\functions.php, line 311]
Trace:
Cake\Error\BaseErrorHandler::handleError() - CORE\src\Error\BaseErrorHandler.php, line 168
deprecationWarning - CORE\src\Core\functions.php, line 311
Cake\Http\ServerRequest::session() - CORE\src\Http\ServerRequest.php, line 588
App\Controller\AppController::initialize() - APP/Controller\AppController.php, line 44
Cake\Controller\Controller::__construct() - CORE\src\Controller\Controller.php, line 270
Bake\Shell\Task\TestTask::buildTestSubject() - ROOT\vendor\cakephp\bake\src\Shell\Task\TestTask.php, line 330
Bake\Shell\Task\TestTask::bake() - ROOT\vendor\cakephp\bake\src\Shell\Task\TestTask.php, line 237
Bake\Shell\Task\ControllerTask::bakeTest() - ROOT\vendor\cakephp\bake\src\Shell\Task\ControllerTask.php, line 213
Bake\Shell\Task\ControllerTask::bake() - ROOT\vendor\cakephp\bake\src\Shell\Task\ControllerTask.php, line 162
Bake\Shell\Task\ControllerTask::main() - ROOT\vendor\cakephp\bake\src\Shell\Task\ControllerTask.php, line 69
Bake\Shell\BakeShell::Bake\Shell\{closure}() - ROOT\vendor\cakephp\bake\src\Shell\BakeShell.php, line 282
Cake\Collection\Collection::each() - CORE\src\Collection\CollectionTrait.php, line 64
Bake\Shell\BakeShell::all() - ROOT\vendor\cakephp\bake\src\Shell\BakeShell.php, line 283
Cake\Console\Shell::runCommand() - CORE\src\Console\Shell.php, line 517
Cake\Console\CommandRunner::runShell() - CORE\src\Console\CommandRunner.php, line 384
Cake\Console\CommandRunner::run() - CORE\src\Console\CommandRunner.php, line 162
[main] - ROOT\bin\cake.php, line 12



2020-11-02 18:58:18 Notice: Deprecated (16384): ServerRequest::session() is deprecated. Use getSession() instead. The setter part will be removed. - C:\Program Files\Ampps\www\application_internet\src\Controller\AppController.php, line: 44
 You can disable deprecation warnings by setting `Error.errorLevel` to `E_ALL & ~E_USER_DEPRECATED` in your config/app.php. in [C:\Program Files\Ampps\www\application_internet\vendor\cakephp\cakephp\src\Core\functions.php, line 311]
Trace:
Cake\Error\BaseErrorHandler::handleError() - CORE\src\Error\BaseErrorHandler.php, line 168
deprecationWarning - CORE\src\Core\functions.php, line 311
Cake\Http\ServerRequest::session() - CORE\src\Http\ServerRequest.php, line 588
App\Controller\AppController::initialize() - APP/Controller\AppController.php, line 44
Cake\Controller\Controller::__construct() - CORE\src\Controller\Controller.php, line 270
Bake\Shell\Task\TestTask::buildTestSubject() - ROOT\vendor\cakephp\bake\src\Shell\Task\TestTask.php, line 330
Bake\Shell\Task\TestTask::bake() - ROOT\vendor\cakephp\bake\src\Shell\Task\TestTask.php, line 237
Bake\Shell\Task\ControllerTask::bakeTest() - ROOT\vendor\cakephp\bake\src\Shell\Task\ControllerTask.php, line 213
Bake\Shell\Task\ControllerTask::bake() - ROOT\vendor\cakephp\bake\src\Shell\Task\ControllerTask.php, line 162
Bake\Shell\Task\ControllerTask::main() - ROOT\vendor\cakephp\bake\src\Shell\Task\ControllerTask.php, line 69
Bake\Shell\BakeShell::Bake\Shell\{closure}() - ROOT\vendor\cakephp\bake\src\Shell\BakeShell.php, line 282
Cake\Collection\Collection::each() - CORE\src\Collection\CollectionTrait.php, line 64
Bake\Shell\BakeShell::all() - ROOT\vendor\cakephp\bake\src\Shell\BakeShell.php, line 283
Cake\Console\Shell::runCommand() - CORE\src\Console\Shell.php, line 517
Cake\Console\CommandRunner::runShell() - CORE\src\Console\CommandRunner.php, line 384
Cake\Console\CommandRunner::run() - CORE\src\Console\CommandRunner.php, line 162
[main] - ROOT\bin\cake.php, line 12



2020-11-16 15:01:18 Notice: Deprecated (16384): ServerRequest::session() is deprecated. Use getSession() instead. The setter part will be removed. - C:\Program Files\Ampps\www\application_internet\src\Controller\AppController.php, line: 44
 You can disable deprecation warnings by setting `Error.errorLevel` to `E_ALL & ~E_USER_DEPRECATED` in your config/app.php. in [C:\Program Files\Ampps\www\application_internet\vendor\cakephp\cakephp\src\Core\functions.php, line 311]
Trace:
Cake\Error\BaseErrorHandler::handleError() - CORE\src\Error\BaseErrorHandler.php, line 168
deprecationWarning - CORE\src\Core\functions.php, line 311
Cake\Http\ServerRequest::session() - CORE\src\Http\ServerRequest.php, line 588
App\Controller\AppController::initialize() - APP/Controller\AppController.php, line 44
Cake\Controller\Controller::__construct() - CORE\src\Controller\Controller.php, line 270
Bake\Shell\Task\TestTask::buildTestSubject() - ROOT\vendor\cakephp\bake\src\Shell\Task\TestTask.php, line 330
Bake\Shell\Task\TestTask::bake() - ROOT\vendor\cakephp\bake\src\Shell\Task\TestTask.php, line 237
Bake\Shell\Task\ControllerTask::bakeTest() - ROOT\vendor\cakephp\bake\src\Shell\Task\ControllerTask.php, line 213
Bake\Shell\Task\ControllerTask::bake() - ROOT\vendor\cakephp\bake\src\Shell\Task\ControllerTask.php, line 162
Bake\Shell\Task\ControllerTask::main() - ROOT\vendor\cakephp\bake\src\Shell\Task\ControllerTask.php, line 69
Cake\Console\Shell::runCommand() - CORE\src\Console\Shell.php, line 531
Cake\Console\Shell::runCommand() - CORE\src\Console\Shell.php, line 524
Cake\Console\CommandRunner::runShell() - CORE\src\Console\CommandRunner.php, line 384
Cake\Console\CommandRunner::run() - CORE\src\Console\CommandRunner.php, line 162
[main] - ROOT\bin\cake.php, line 12



