2020-09-08 18:04:32 Error: [PDOException] SQLSTATE[HY000] [1045] Access denied for user 'my_app'@'localhost' (using password: YES) in C:\Program Files\Ampps\www\TP1 V2\vendor\cakephp\cakephp\src\Database\Driver.php on line 93
Stack Trace:
#0 C:\Program Files\Ampps\www\TP1 V2\vendor\cakephp\cakephp\src\Database\Driver.php(93): PDO->__construct('mysql:host=loca...', 'my_app', 'secret', Array)
#1 C:\Program Files\Ampps\www\TP1 V2\vendor\cakephp\cakephp\src\Database\Driver\Mysql.php(105): Cake\Database\Driver->_connect('mysql:host=loca...', Array)
#2 C:\Program Files\Ampps\www\TP1 V2\vendor\cakephp\cakephp\src\Database\Schema\BaseSchema.php(44): Cake\Database\Driver\Mysql->connect()
#3 C:\Program Files\Ampps\www\TP1 V2\vendor\cakephp\cakephp\src\Database\Dialect\MysqlDialectTrait.php(62): Cake\Database\Schema\BaseSchema->__construct(Object(Cake\Database\Driver\Mysql))
#4 C:\Program Files\Ampps\www\TP1 V2\vendor\cakephp\cakephp\src\Database\Schema\Collection.php(51): Cake\Database\Driver\Mysql->schemaDialect()
#5 C:\Program Files\Ampps\www\TP1 V2\vendor\cakephp\cakephp\src\Database\Schema\CachedCollection.php(41): Cake\Database\Schema\Collection->__construct(Object(Cake\Database\Connection))
#6 C:\Program Files\Ampps\www\TP1 V2\vendor\cakephp\cakephp\src\Database\Connection.php(399): Cake\Database\Schema\CachedCollection->__construct(Object(Cake\Database\Connection), true)
#7 C:\Program Files\Ampps\www\TP1 V2\vendor\cakephp\bake\src\Shell\Task\ModelTask.php(1096): Cake\Database\Connection->getSchemaCollection()
#8 C:\Program Files\Ampps\www\TP1 V2\vendor\cakephp\bake\src\Shell\Task\ModelTask.php(1050): Bake\Shell\Task\ModelTask->_getAllTables()
#9 C:\Program Files\Ampps\www\TP1 V2\vendor\cakephp\bake\src\Shell\Task\ModelTask.php(213): Bake\Shell\Task\ModelTask->listAll()
#10 C:\Program Files\Ampps\www\TP1 V2\vendor\cakephp\bake\src\Shell\Task\ModelTask.php(131): Bake\Shell\Task\ModelTask->getAssociations(Object(Cake\ORM\Table))
#11 C:\Program Files\Ampps\www\TP1 V2\vendor\cakephp\bake\src\Shell\Task\ModelTask.php(114): Bake\Shell\Task\ModelTask->getTableContext(Object(Cake\ORM\Table), 'products', 'Products')
#12 C:\Program Files\Ampps\www\TP1 V2\vendor\cakephp\bake\src\Shell\Task\ModelTask.php(101): Bake\Shell\Task\ModelTask->bake('Products')
#13 C:\Program Files\Ampps\www\TP1 V2\vendor\cakephp\bake\src\Shell\BakeShell.php(282): Bake\Shell\Task\ModelTask->main('Products')
#14 C:\Program Files\Ampps\www\TP1 V2\vendor\cakephp\cakephp\src\Collection\CollectionTrait.php(64): Bake\Shell\BakeShell->Bake\Shell\{closure}('Products', 0)
#15 C:\Program Files\Ampps\www\TP1 V2\vendor\cakephp\bake\src\Shell\BakeShell.php(283): Cake\Collection\Collection->each(Object(Closure))
#16 C:\Program Files\Ampps\www\TP1 V2\vendor\cakephp\cakephp\src\Console\Shell.php(517): Bake\Shell\BakeShell->all('products')
#17 C:\Program Files\Ampps\www\TP1 V2\vendor\cakephp\cakephp\src\Console\CommandRunner.php(384): Cake\Console\Shell->runCommand(Array, true)
#18 C:\Program Files\Ampps\www\TP1 V2\vendor\cakephp\cakephp\src\Console\CommandRunner.php(162): Cake\Console\CommandRunner->runShell(Object(Bake\Shell\BakeShell), Array)
#19 C:\Program Files\Ampps\www\TP1 V2\bin\cake.php(12): Cake\Console\CommandRunner->run(Array)
#20 {main}


2020-09-08 18:04:49 Error: [PDOException] SQLSTATE[HY000] [1045] Access denied for user 'my_app'@'localhost' (using password: YES) in C:\Program Files\Ampps\www\TP1 V2\vendor\cakephp\cakephp\src\Database\Driver.php on line 93
Stack Trace:
#0 C:\Program Files\Ampps\www\TP1 V2\vendor\cakephp\cakephp\src\Database\Driver.php(93): PDO->__construct('mysql:host=loca...', 'my_app', 'secret', Array)
#1 C:\Program Files\Ampps\www\TP1 V2\vendor\cakephp\cakephp\src\Database\Driver\Mysql.php(105): Cake\Database\Driver->_connect('mysql:host=loca...', Array)
#2 C:\Program Files\Ampps\www\TP1 V2\vendor\cakephp\cakephp\src\Database\Schema\BaseSchema.php(44): Cake\Database\Driver\Mysql->connect()
#3 C:\Program Files\Ampps\www\TP1 V2\vendor\cakephp\cakephp\src\Database\Dialect\MysqlDialectTrait.php(62): Cake\Database\Schema\BaseSchema->__construct(Object(Cake\Database\Driver\Mysql))
#4 C:\Program Files\Ampps\www\TP1 V2\vendor\cakephp\cakephp\src\Database\Schema\Collection.php(51): Cake\Database\Driver\Mysql->schemaDialect()
#5 C:\Program Files\Ampps\www\TP1 V2\vendor\cakephp\cakephp\src\Database\Schema\CachedCollection.php(41): Cake\Database\Schema\Collection->__construct(Object(Cake\Database\Connection))
#6 C:\Program Files\Ampps\www\TP1 V2\vendor\cakephp\cakephp\src\Database\Connection.php(399): Cake\Database\Schema\CachedCollection->__construct(Object(Cake\Database\Connection), true)
#7 C:\Program Files\Ampps\www\TP1 V2\vendor\cakephp\bake\src\Shell\Task\ModelTask.php(1096): Cake\Database\Connection->getSchemaCollection()
#8 C:\Program Files\Ampps\www\TP1 V2\vendor\cakephp\bake\src\Shell\Task\ModelTask.php(1050): Bake\Shell\Task\ModelTask->_getAllTables()
#9 C:\Program Files\Ampps\www\TP1 V2\vendor\cakephp\bake\src\Shell\Task\ModelTask.php(213): Bake\Shell\Task\ModelTask->listAll()
#10 C:\Program Files\Ampps\www\TP1 V2\vendor\cakephp\bake\src\Shell\Task\ModelTask.php(131): Bake\Shell\Task\ModelTask->getAssociations(Object(Cake\ORM\Table))
#11 C:\Program Files\Ampps\www\TP1 V2\vendor\cakephp\bake\src\Shell\Task\ModelTask.php(114): Bake\Shell\Task\ModelTask->getTableContext(Object(Cake\ORM\Table), 'products', 'Products')
#12 C:\Program Files\Ampps\www\TP1 V2\vendor\cakephp\bake\src\Shell\Task\ModelTask.php(101): Bake\Shell\Task\ModelTask->bake('Products')
#13 C:\Program Files\Ampps\www\TP1 V2\vendor\cakephp\bake\src\Shell\BakeShell.php(282): Bake\Shell\Task\ModelTask->main('Products')
#14 C:\Program Files\Ampps\www\TP1 V2\vendor\cakephp\cakephp\src\Collection\CollectionTrait.php(64): Bake\Shell\BakeShell->Bake\Shell\{closure}('Products', 0)
#15 C:\Program Files\Ampps\www\TP1 V2\vendor\cakephp\bake\src\Shell\BakeShell.php(283): Cake\Collection\Collection->each(Object(Closure))
#16 C:\Program Files\Ampps\www\TP1 V2\vendor\cakephp\cakephp\src\Console\Shell.php(517): Bake\Shell\BakeShell->all('products')
#17 C:\Program Files\Ampps\www\TP1 V2\vendor\cakephp\cakephp\src\Console\CommandRunner.php(384): Cake\Console\Shell->runCommand(Array, true)
#18 C:\Program Files\Ampps\www\TP1 V2\vendor\cakephp\cakephp\src\Console\CommandRunner.php(162): Cake\Console\CommandRunner->runShell(Object(Bake\Shell\BakeShell), Array)
#19 C:\Program Files\Ampps\www\TP1 V2\bin\cake.php(12): Cake\Console\CommandRunner->run(Array)
#20 {main}


