2020-09-08 18:06:42 Error: [PDOException] SQLSTATE[23000]: Integrity constraint violation: 1451 Cannot delete or update a parent row: a foreign key constraint fails (`application`.`purchases`, CONSTRAINT `purchases_ibfk_1` FOREIGN KEY (`user_id`) REFERENCES `users` (`id`)) (C:\Program Files\Ampps\www\TP1 V2\vendor\cakephp\cakephp\src\Database\Statement\MysqlStatement.php:37)
#0 C:\Program Files\Ampps\www\TP1 V2\vendor\cakephp\cakephp\src\Database\Statement\MysqlStatement.php(37): PDOStatement->execute(NULL)
#1 C:\Program Files\Ampps\www\TP1 V2\vendor\cakephp\cakephp\src\Database\Statement\StatementDecorator.php(173): Cake\Database\Statement\MysqlStatement->execute(NULL)
#2 C:\Program Files\Ampps\www\TP1 V2\vendor\cakephp\cakephp\src\Database\Log\LoggingStatement.php(55): Cake\Database\Statement\StatementDecorator->execute(NULL)
#3 C:\Program Files\Ampps\www\TP1 V2\vendor\cakephp\cakephp\src\Database\Connection.php(342): Cake\Database\Log\LoggingStatement->execute()
#4 C:\Program Files\Ampps\www\TP1 V2\vendor\cakephp\cakephp\src\Core\Retry\CommandRetry.php(67): Cake\Database\Connection->Cake\Database\{closure}()
#5 C:\Program Files\Ampps\www\TP1 V2\vendor\cakephp\cakephp\src\Database\Connection.php(345): Cake\Core\Retry\CommandRetry->run(Object(Closure))
#6 C:\Program Files\Ampps\www\TP1 V2\vendor\cakephp\cakephp\src\Database\Query.php(218): Cake\Database\Connection->run(Object(Cake\ORM\Query))
#7 C:\Program Files\Ampps\www\TP1 V2\vendor\cakephp\cakephp\src\ORM\Table.php(2514): Cake\Database\Query->execute()
#8 C:\Program Files\Ampps\www\TP1 V2\vendor\cakephp\cakephp\src\ORM\Table.php(2350): Cake\ORM\Table->_processDelete(Object(App\Model\Entity\User), Object(ArrayObject))
#9 C:\Program Files\Ampps\www\TP1 V2\vendor\cakephp\cakephp\src\ORM\Table.php(1646): Cake\ORM\Table->Cake\ORM\{closure}()
#10 C:\Program Files\Ampps\www\TP1 V2\vendor\cakephp\cakephp\src\Database\Connection.php(746): Cake\ORM\Table->Cake\ORM\{closure}(Object(Cake\Database\Connection))
#11 C:\Program Files\Ampps\www\TP1 V2\vendor\cakephp\cakephp\src\ORM\Table.php(1647): Cake\Database\Connection->transactional(Object(Closure))
#12 C:\Program Files\Ampps\www\TP1 V2\vendor\cakephp\cakephp\src\ORM\Table.php(2351): Cake\ORM\Table->_executeTransaction(Object(Closure), true)
#13 C:\Program Files\Ampps\www\TP1 V2\src\Controller\UsersController.php(103): Cake\ORM\Table->delete(Object(App\Model\Entity\User))
#14 C:\Program Files\Ampps\www\TP1 V2\vendor\cakephp\cakephp\src\Controller\Controller.php(606): App\Controller\UsersController->delete('1')
#15 C:\Program Files\Ampps\www\TP1 V2\vendor\cakephp\cakephp\src\Http\ActionDispatcher.php(120): Cake\Controller\Controller->invokeAction()
#16 C:\Program Files\Ampps\www\TP1 V2\vendor\cakephp\cakephp\src\Http\ActionDispatcher.php(94): Cake\Http\ActionDispatcher->_invoke(Object(App\Controller\UsersController))
#17 C:\Program Files\Ampps\www\TP1 V2\vendor\cakephp\cakephp\src\Http\BaseApplication.php(256): Cake\Http\ActionDispatcher->dispatch(Object(Cake\Http\ServerRequest), Object(Cake\Http\Response))
#18 C:\Program Files\Ampps\www\TP1 V2\vendor\cakephp\cakephp\src\Http\Runner.php(65): Cake\Http\BaseApplication->__invoke(Object(Cake\Http\ServerRequest), Object(Cake\Http\Response), Object(Cake\Http\Runner))
#19 C:\Program Files\Ampps\www\TP1 V2\vendor\cakephp\cakephp\src\Http\Runner.php(65): Cake\Http\Runner->__invoke(Object(Cake\Http\ServerRequest), Object(Cake\Http\Response), Object(Cake\Http\Runner))
#20 C:\Program Files\Ampps\www\TP1 V2\vendor\cakephp\cakephp\src\Http\Middleware\CsrfProtectionMiddleware.php(124): Cake\Http\Runner->__invoke(Object(Cake\Http\ServerRequest), Object(Cake\Http\Response))
#21 C:\Program Files\Ampps\www\TP1 V2\vendor\cakephp\cakephp\src\Http\Runner.php(65): Cake\Http\Middleware\CsrfProtectionMiddleware->__invoke(Object(Cake\Http\ServerRequest), Object(Cake\Http\Response), Object(Cake\Http\Runner))
#22 C:\Program Files\Ampps\www\TP1 V2\vendor\cakephp\cakephp\src\Http\Runner.php(51): Cake\Http\Runner->__invoke(Object(Cake\Http\ServerRequest), Object(Cake\Http\Response))
#23 C:\Program Files\Ampps\www\TP1 V2\vendor\cakephp\cakephp\src\Routing\Middleware\RoutingMiddleware.php(170): Cake\Http\Runner->run(Object(Cake\Http\MiddlewareQueue), Object(Cake\Http\ServerRequest), Object(Cake\Http\Response))
#24 C:\Program Files\Ampps\www\TP1 V2\vendor\cakephp\cakephp\src\Http\Runner.php(65): Cake\Routing\Middleware\RoutingMiddleware->__invoke(Object(Cake\Http\ServerRequest), Object(Cake\Http\Response), Object(Cake\Http\Runner))
#25 C:\Program Files\Ampps\www\TP1 V2\vendor\cakephp\cakephp\src\Routing\Middleware\AssetMiddleware.php(88): Cake\Http\Runner->__invoke(Object(Cake\Http\ServerRequest), Object(Cake\Http\Response))
#26 C:\Program Files\Ampps\www\TP1 V2\vendor\cakephp\cakephp\src\Http\Runner.php(65): Cake\Routing\Middleware\AssetMiddleware->__invoke(Object(Cake\Http\ServerRequest), Object(Cake\Http\Response), Object(Cake\Http\Runner))
#27 C:\Program Files\Ampps\www\TP1 V2\vendor\cakephp\cakephp\src\Error\Middleware\ErrorHandlerMiddleware.php(96): Cake\Http\Runner->__invoke(Object(Cake\Http\ServerRequest), Object(Cake\Http\Response))
#28 C:\Program Files\Ampps\www\TP1 V2\vendor\cakephp\cakephp\src\Http\Runner.php(65): Cake\Error\Middleware\ErrorHandlerMiddleware->__invoke(Object(Cake\Http\ServerRequest), Object(Cake\Http\Response), Object(Cake\Http\Runner))
#29 C:\Program Files\Ampps\www\TP1 V2\vendor\cakephp\debug_kit\src\Middleware\DebugKitMiddleware.php(53): Cake\Http\Runner->__invoke(Object(Cake\Http\ServerRequest), Object(Cake\Http\Response))
#30 C:\Program Files\Ampps\www\TP1 V2\vendor\cakephp\cakephp\src\Http\Runner.php(65): DebugKit\Middleware\DebugKitMiddleware->__invoke(Object(Cake\Http\ServerRequest), Object(Cake\Http\Response), Object(Cake\Http\Runner))
#31 C:\Program Files\Ampps\www\TP1 V2\vendor\cakephp\cakephp\src\Http\Runner.php(51): Cake\Http\Runner->__invoke(Object(Cake\Http\ServerRequest), Object(Cake\Http\Response))
#32 C:\Program Files\Ampps\www\TP1 V2\vendor\cakephp\cakephp\src\Http\Server.php(97): Cake\Http\Runner->run(Object(Cake\Http\MiddlewareQueue), Object(Cake\Http\ServerRequest), Object(Cake\Http\Response))
#33 C:\Program Files\Ampps\www\TP1 V2\webroot\index.php(40): Cake\Http\Server->run()
#34 {main}
Request URL: /users/delete/1
Referer URL: http://localhost/TP1%20V2/users


2020-09-08 18:45:07 Error: [Error] Class 'App\Model\Entity\DefaultPasswordHasher' not found (C:\Program Files\Ampps\www\TP1 V2\src\Model\Entity\User.php:60)
#0 C:\Program Files\Ampps\www\TP1 V2\vendor\cakephp\cakephp\src\Datasource\EntityTrait.php(264): App\Model\Entity\User->_setPassword('manager')
#1 C:\Program Files\Ampps\www\TP1 V2\vendor\cakephp\cakephp\src\ORM\Marshaller.php(612): Cake\ORM\Entity->set(Array)
#2 C:\Program Files\Ampps\www\TP1 V2\vendor\cakephp\cakephp\src\ORM\Table.php(2859): Cake\ORM\Marshaller->merge(Object(App\Model\Entity\User), Array, Array)
#3 C:\Program Files\Ampps\www\TP1 V2\src\Controller\UsersController.php(102): Cake\ORM\Table->patchEntity(Object(App\Model\Entity\User), Array)
#4 C:\Program Files\Ampps\www\TP1 V2\vendor\cakephp\cakephp\src\Controller\Controller.php(606): App\Controller\UsersController->edit('2')
#5 C:\Program Files\Ampps\www\TP1 V2\vendor\cakephp\cakephp\src\Http\ActionDispatcher.php(120): Cake\Controller\Controller->invokeAction()
#6 C:\Program Files\Ampps\www\TP1 V2\vendor\cakephp\cakephp\src\Http\ActionDispatcher.php(94): Cake\Http\ActionDispatcher->_invoke(Object(App\Controller\UsersController))
#7 C:\Program Files\Ampps\www\TP1 V2\vendor\cakephp\cakephp\src\Http\BaseApplication.php(256): Cake\Http\ActionDispatcher->dispatch(Object(Cake\Http\ServerRequest), Object(Cake\Http\Response))
#8 C:\Program Files\Ampps\www\TP1 V2\vendor\cakephp\cakephp\src\Http\Runner.php(65): Cake\Http\BaseApplication->__invoke(Object(Cake\Http\ServerRequest), Object(Cake\Http\Response), Object(Cake\Http\Runner))
#9 C:\Program Files\Ampps\www\TP1 V2\vendor\cakephp\cakephp\src\Http\Runner.php(65): Cake\Http\Runner->__invoke(Object(Cake\Http\ServerRequest), Object(Cake\Http\Response), Object(Cake\Http\Runner))
#10 C:\Program Files\Ampps\www\TP1 V2\vendor\cakephp\cakephp\src\Http\Middleware\CsrfProtectionMiddleware.php(124): Cake\Http\Runner->__invoke(Object(Cake\Http\ServerRequest), Object(Cake\Http\Response))
#11 C:\Program Files\Ampps\www\TP1 V2\vendor\cakephp\cakephp\src\Http\Runner.php(65): Cake\Http\Middleware\CsrfProtectionMiddleware->__invoke(Object(Cake\Http\ServerRequest), Object(Cake\Http\Response), Object(Cake\Http\Runner))
#12 C:\Program Files\Ampps\www\TP1 V2\vendor\cakephp\cakephp\src\Http\Runner.php(51): Cake\Http\Runner->__invoke(Object(Cake\Http\ServerRequest), Object(Cake\Http\Response))
#13 C:\Program Files\Ampps\www\TP1 V2\vendor\cakephp\cakephp\src\Routing\Middleware\RoutingMiddleware.php(170): Cake\Http\Runner->run(Object(Cake\Http\MiddlewareQueue), Object(Cake\Http\ServerRequest), Object(Cake\Http\Response))
#14 C:\Program Files\Ampps\www\TP1 V2\vendor\cakephp\cakephp\src\Http\Runner.php(65): Cake\Routing\Middleware\RoutingMiddleware->__invoke(Object(Cake\Http\ServerRequest), Object(Cake\Http\Response), Object(Cake\Http\Runner))
#15 C:\Program Files\Ampps\www\TP1 V2\vendor\cakephp\cakephp\src\Routing\Middleware\AssetMiddleware.php(88): Cake\Http\Runner->__invoke(Object(Cake\Http\ServerRequest), Object(Cake\Http\Response))
#16 C:\Program Files\Ampps\www\TP1 V2\vendor\cakephp\cakephp\src\Http\Runner.php(65): Cake\Routing\Middleware\AssetMiddleware->__invoke(Object(Cake\Http\ServerRequest), Object(Cake\Http\Response), Object(Cake\Http\Runner))
#17 C:\Program Files\Ampps\www\TP1 V2\vendor\cakephp\cakephp\src\Error\Middleware\ErrorHandlerMiddleware.php(96): Cake\Http\Runner->__invoke(Object(Cake\Http\ServerRequest), Object(Cake\Http\Response))
#18 C:\Program Files\Ampps\www\TP1 V2\vendor\cakephp\cakephp\src\Http\Runner.php(65): Cake\Error\Middleware\ErrorHandlerMiddleware->__invoke(Object(Cake\Http\ServerRequest), Object(Cake\Http\Response), Object(Cake\Http\Runner))
#19 C:\Program Files\Ampps\www\TP1 V2\vendor\cakephp\debug_kit\src\Middleware\DebugKitMiddleware.php(53): Cake\Http\Runner->__invoke(Object(Cake\Http\ServerRequest), Object(Cake\Http\Response))
#20 C:\Program Files\Ampps\www\TP1 V2\vendor\cakephp\cakephp\src\Http\Runner.php(65): DebugKit\Middleware\DebugKitMiddleware->__invoke(Object(Cake\Http\ServerRequest), Object(Cake\Http\Response), Object(Cake\Http\Runner))
#21 C:\Program Files\Ampps\www\TP1 V2\vendor\cakephp\cakephp\src\Http\Runner.php(51): Cake\Http\Runner->__invoke(Object(Cake\Http\ServerRequest), Object(Cake\Http\Response))
#22 C:\Program Files\Ampps\www\TP1 V2\vendor\cakephp\cakephp\src\Http\Server.php(97): Cake\Http\Runner->run(Object(Cake\Http\MiddlewareQueue), Object(Cake\Http\ServerRequest), Object(Cake\Http\Response))
#23 C:\Program Files\Ampps\www\TP1 V2\webroot\index.php(40): Cake\Http\Server->run()
#24 {main}
Request URL: /users/edit/2
Referer URL: http://localhost/TP1%20V2/users/edit/2


